2025-09-18 09:24:02,593 - logger_config - INFO - Logger configuration loaded successfully
2025-09-18 09:24:15,231 - nlp.sentiment - INFO - sentiment model loaded sucessfully
2025-09-18 09:24:17,390 - nlp.summarizer - INFO - Summarization model loaded sucessfully
2025-09-18 09:24:18,185 - nlp.language_detect - INFO - Translation service instance created sucessfully
2025-09-18 09:24:48,050 - nlp.language_detect - INFO - Detected language is English, no need to translate.
2025-09-18 09:24:48,353 - root - INFO - Identified sentiments: [{'label': 'neutral', 'score': 0.602031946182251}, {'label': 'positive', 'score': 0.37728068232536316}, {'label': 'negative', 'score': 0.02068742923438549}]
2025-09-18 09:24:48,353 - nlp.summarizer - INFO - Text less than 30 characters displaying without summarizing
2025-09-18 09:28:53,601 - logger_config - INFO - Logger configuration loaded successfully
2025-09-18 09:29:02,305 - nlp.sentiment - INFO - sentiment model loaded sucessfully
2025-09-18 09:29:04,211 - nlp.summarizer - INFO - Summarization model loaded sucessfully
2025-09-18 09:29:05,007 - nlp.language_detect - INFO - Translation service instance created sucessfully
2025-09-18 09:30:39,184 - nlp.language_detect - INFO - The detected language is ro, translating to English.....
2025-09-18 09:30:39,184 - nlp.language_detect - INFO - The translated text is:Although the day started with many unexpected difficulties and problems, when my friends surprised me with a nice and kind gesture, I felt a huge joy that completely changed my mood
2025-09-18 09:30:39,459 - root - INFO - Identified sentiments: [{'label': 'positive', 'score': 0.9186320304870605}, {'label': 'neutral', 'score': 0.05099204182624817}, {'label': 'negative', 'score': 0.030375875532627106}]
2025-09-18 09:32:32,924 - logger_config - INFO - Logger configuration loaded successfully
2025-09-18 09:32:43,518 - nlp.sentiment - INFO - sentiment model loaded sucessfully
2025-09-18 09:32:45,970 - nlp.summarizer - INFO - Summarization model loaded sucessfully
2025-09-18 09:32:46,527 - nlp.language_detect - INFO - Translation service instance created sucessfully
2025-09-18 09:34:11,897 - nlp.language_detect - INFO - The detected language is ro, translating to English.....
2025-09-18 09:34:11,897 - nlp.language_detect - INFO - The translated text is:Although the day started with many unexpected difficulties and problems, when my friends surprised me with a nice and kind gesture, I felt a huge joy that completely changed my mood
2025-09-18 09:34:12,518 - root - INFO - Identified sentiments: [{'label': 'positive', 'score': 0.9186320304870605}, {'label': 'neutral', 'score': 0.05099204182624817}, {'label': 'negative', 'score': 0.030375875532627106}]
